-------------------------------------------------------------------------------
Test set: com.example.student_management.StudentRestControllerTest
-------------------------------------------------------------------------------
Tests run: 5, Failures: 0, Errors: 5, Skipped: 0, Time elapsed: 3.529 s <<< FAILURE! - in com.example.student_management.StudentRestControllerTest
testUpdateStudent  Time elapsed: 0.001 s  <<< ERROR!
java.lang.IllegalStateException: Failed to load ApplicationContext
Caused by: org.springframework.beans.factory.BeanCreationException: 
Error creating bean with name 'dataSourceScriptDatabaseInitializer' defined in class path resource [org/springframework/boot/autoconfigure/sql/init/DataSourceInitializationConfiguration.class]: Invocation of init method failed; nested exception is org.springframework.jdbc.datasource.init.ScriptStatementFailedException: Failed to execute SQL script statement #1 of URL [file:/C:/Users/classuser134/Desktop/JavaMachinka/student-management/target/classes/schema.sql]: CREATE TABLE users ( id BIGINT AUTO_INCREMENT PRIMARY KEY, username VARCHAR(50) NOT NULL UNIQUE, password VARCHAR(100) NOT NULL, enabled BOOLEAN NOT NULL ); nested exception is org.h2.jdbc.JdbcSQLSyntaxErrorException: Table "USERS" already exists; SQL statement:
CREATE TABLE users ( id BIGINT AUTO_INCREMENT PRIMARY KEY, username VARCHAR(50) NOT NULL UNIQUE, password VARCHAR(100) NOT NULL, enabled BOOLEAN NOT NULL ) [42101-214]
Caused by: org.springframework.jdbc.datasource.init.ScriptStatementFailedException: 
Failed to execute SQL script statement #1 of URL [file:/C:/Users/classuser134/Desktop/JavaMachinka/student-management/target/classes/schema.sql]: CREATE TABLE users ( id BIGINT AUTO_INCREMENT PRIMARY KEY, username VARCHAR(50) NOT NULL UNIQUE, password VARCHAR(100) NOT NULL, enabled BOOLEAN NOT NULL ); nested exception is org.h2.jdbc.JdbcSQLSyntaxErrorException: Table "USERS" already exists; SQL statement:
CREATE TABLE users ( id BIGINT AUTO_INCREMENT PRIMARY KEY, username VARCHAR(50) NOT NULL UNIQUE, password VARCHAR(100) NOT NULL, enabled BOOLEAN NOT NULL ) [42101-214]
Caused by: org.h2.jdbc.JdbcSQLSyntaxErrorException: 
Table "USERS" already exists; SQL statement:
CREATE TABLE users ( id BIGINT AUTO_INCREMENT PRIMARY KEY, username VARCHAR(50) NOT NULL UNIQUE, password VARCHAR(100) NOT NULL, enabled BOOLEAN NOT NULL ) [42101-214]

testAddStudent  Time elapsed: 0 s  <<< ERROR!
java.lang.IllegalStateException: Failed to load ApplicationContext
Caused by: org.springframework.beans.factory.BeanCreationException: 
Error creating bean with name 'dataSourceScriptDatabaseInitializer' defined in class path resource [org/springframework/boot/autoconfigure/sql/init/DataSourceInitializationConfiguration.class]: Invocation of init method failed; nested exception is org.springframework.jdbc.datasource.init.ScriptStatementFailedException: Failed to execute SQL script statement #1 of URL [file:/C:/Users/classuser134/Desktop/JavaMachinka/student-management/target/classes/schema.sql]: CREATE TABLE users ( id BIGINT AUTO_INCREMENT PRIMARY KEY, username VARCHAR(50) NOT NULL UNIQUE, password VARCHAR(100) NOT NULL, enabled BOOLEAN NOT NULL ); nested exception is org.h2.jdbc.JdbcSQLSyntaxErrorException: Table "USERS" already exists; SQL statement:
CREATE TABLE users ( id BIGINT AUTO_INCREMENT PRIMARY KEY, username VARCHAR(50) NOT NULL UNIQUE, password VARCHAR(100) NOT NULL, enabled BOOLEAN NOT NULL ) [42101-214]
Caused by: org.springframework.jdbc.datasource.init.ScriptStatementFailedException: 
Failed to execute SQL script statement #1 of URL [file:/C:/Users/classuser134/Desktop/JavaMachinka/student-management/target/classes/schema.sql]: CREATE TABLE users ( id BIGINT AUTO_INCREMENT PRIMARY KEY, username VARCHAR(50) NOT NULL UNIQUE, password VARCHAR(100) NOT NULL, enabled BOOLEAN NOT NULL ); nested exception is org.h2.jdbc.JdbcSQLSyntaxErrorException: Table "USERS" already exists; SQL statement:
CREATE TABLE users ( id BIGINT AUTO_INCREMENT PRIMARY KEY, username VARCHAR(50) NOT NULL UNIQUE, password VARCHAR(100) NOT NULL, enabled BOOLEAN NOT NULL ) [42101-214]
Caused by: org.h2.jdbc.JdbcSQLSyntaxErrorException: 
Table "USERS" already exists; SQL statement:
CREATE TABLE users ( id BIGINT AUTO_INCREMENT PRIMARY KEY, username VARCHAR(50) NOT NULL UNIQUE, password VARCHAR(100) NOT NULL, enabled BOOLEAN NOT NULL ) [42101-214]

testDeleteStudent  Time elapsed: 0 s  <<< ERROR!
java.lang.IllegalStateException: Failed to load ApplicationContext
Caused by: org.springframework.beans.factory.BeanCreationException: 
Error creating bean with name 'dataSourceScriptDatabaseInitializer' defined in class path resource [org/springframework/boot/autoconfigure/sql/init/DataSourceInitializationConfiguration.class]: Invocation of init method failed; nested exception is org.springframework.jdbc.datasource.init.ScriptStatementFailedException: Failed to execute SQL script statement #1 of URL [file:/C:/Users/classuser134/Desktop/JavaMachinka/student-management/target/classes/schema.sql]: CREATE TABLE users ( id BIGINT AUTO_INCREMENT PRIMARY KEY, username VARCHAR(50) NOT NULL UNIQUE, password VARCHAR(100) NOT NULL, enabled BOOLEAN NOT NULL ); nested exception is org.h2.jdbc.JdbcSQLSyntaxErrorException: Table "USERS" already exists; SQL statement:
CREATE TABLE users ( id BIGINT AUTO_INCREMENT PRIMARY KEY, username VARCHAR(50) NOT NULL UNIQUE, password VARCHAR(100) NOT NULL, enabled BOOLEAN NOT NULL ) [42101-214]
Caused by: org.springframework.jdbc.datasource.init.ScriptStatementFailedException: 
Failed to execute SQL script statement #1 of URL [file:/C:/Users/classuser134/Desktop/JavaMachinka/student-management/target/classes/schema.sql]: CREATE TABLE users ( id BIGINT AUTO_INCREMENT PRIMARY KEY, username VARCHAR(50) NOT NULL UNIQUE, password VARCHAR(100) NOT NULL, enabled BOOLEAN NOT NULL ); nested exception is org.h2.jdbc.JdbcSQLSyntaxErrorException: Table "USERS" already exists; SQL statement:
CREATE TABLE users ( id BIGINT AUTO_INCREMENT PRIMARY KEY, username VARCHAR(50) NOT NULL UNIQUE, password VARCHAR(100) NOT NULL, enabled BOOLEAN NOT NULL ) [42101-214]
Caused by: org.h2.jdbc.JdbcSQLSyntaxErrorException: 
Table "USERS" already exists; SQL statement:
CREATE TABLE users ( id BIGINT AUTO_INCREMENT PRIMARY KEY, username VARCHAR(50) NOT NULL UNIQUE, password VARCHAR(100) NOT NULL, enabled BOOLEAN NOT NULL ) [42101-214]

testGetAllStudents  Time elapsed: 0 s  <<< ERROR!
java.lang.IllegalStateException: Failed to load ApplicationContext
Caused by: org.springframework.beans.factory.BeanCreationException: 
Error creating bean with name 'dataSourceScriptDatabaseInitializer' defined in class path resource [org/springframework/boot/autoconfigure/sql/init/DataSourceInitializationConfiguration.class]: Invocation of init method failed; nested exception is org.springframework.jdbc.datasource.init.ScriptStatementFailedException: Failed to execute SQL script statement #1 of URL [file:/C:/Users/classuser134/Desktop/JavaMachinka/student-management/target/classes/schema.sql]: CREATE TABLE users ( id BIGINT AUTO_INCREMENT PRIMARY KEY, username VARCHAR(50) NOT NULL UNIQUE, password VARCHAR(100) NOT NULL, enabled BOOLEAN NOT NULL ); nested exception is org.h2.jdbc.JdbcSQLSyntaxErrorException: Table "USERS" already exists; SQL statement:
CREATE TABLE users ( id BIGINT AUTO_INCREMENT PRIMARY KEY, username VARCHAR(50) NOT NULL UNIQUE, password VARCHAR(100) NOT NULL, enabled BOOLEAN NOT NULL ) [42101-214]
Caused by: org.springframework.jdbc.datasource.init.ScriptStatementFailedException: 
Failed to execute SQL script statement #1 of URL [file:/C:/Users/classuser134/Desktop/JavaMachinka/student-management/target/classes/schema.sql]: CREATE TABLE users ( id BIGINT AUTO_INCREMENT PRIMARY KEY, username VARCHAR(50) NOT NULL UNIQUE, password VARCHAR(100) NOT NULL, enabled BOOLEAN NOT NULL ); nested exception is org.h2.jdbc.JdbcSQLSyntaxErrorException: Table "USERS" already exists; SQL statement:
CREATE TABLE users ( id BIGINT AUTO_INCREMENT PRIMARY KEY, username VARCHAR(50) NOT NULL UNIQUE, password VARCHAR(100) NOT NULL, enabled BOOLEAN NOT NULL ) [42101-214]
Caused by: org.h2.jdbc.JdbcSQLSyntaxErrorException: 
Table "USERS" already exists; SQL statement:
CREATE TABLE users ( id BIGINT AUTO_INCREMENT PRIMARY KEY, username VARCHAR(50) NOT NULL UNIQUE, password VARCHAR(100) NOT NULL, enabled BOOLEAN NOT NULL ) [42101-214]

testGetStudentById  Time elapsed: 0 s  <<< ERROR!
java.lang.IllegalStateException: Failed to load ApplicationContext
Caused by: org.springframework.beans.factory.BeanCreationException: 
Error creating bean with name 'dataSourceScriptDatabaseInitializer' defined in class path resource [org/springframework/boot/autoconfigure/sql/init/DataSourceInitializationConfiguration.class]: Invocation of init method failed; nested exception is org.springframework.jdbc.datasource.init.ScriptStatementFailedException: Failed to execute SQL script statement #1 of URL [file:/C:/Users/classuser134/Desktop/JavaMachinka/student-management/target/classes/schema.sql]: CREATE TABLE users ( id BIGINT AUTO_INCREMENT PRIMARY KEY, username VARCHAR(50) NOT NULL UNIQUE, password VARCHAR(100) NOT NULL, enabled BOOLEAN NOT NULL ); nested exception is org.h2.jdbc.JdbcSQLSyntaxErrorException: Table "USERS" already exists; SQL statement:
CREATE TABLE users ( id BIGINT AUTO_INCREMENT PRIMARY KEY, username VARCHAR(50) NOT NULL UNIQUE, password VARCHAR(100) NOT NULL, enabled BOOLEAN NOT NULL ) [42101-214]
Caused by: org.springframework.jdbc.datasource.init.ScriptStatementFailedException: 
Failed to execute SQL script statement #1 of URL [file:/C:/Users/classuser134/Desktop/JavaMachinka/student-management/target/classes/schema.sql]: CREATE TABLE users ( id BIGINT AUTO_INCREMENT PRIMARY KEY, username VARCHAR(50) NOT NULL UNIQUE, password VARCHAR(100) NOT NULL, enabled BOOLEAN NOT NULL ); nested exception is org.h2.jdbc.JdbcSQLSyntaxErrorException: Table "USERS" already exists; SQL statement:
CREATE TABLE users ( id BIGINT AUTO_INCREMENT PRIMARY KEY, username VARCHAR(50) NOT NULL UNIQUE, password VARCHAR(100) NOT NULL, enabled BOOLEAN NOT NULL ) [42101-214]
Caused by: org.h2.jdbc.JdbcSQLSyntaxErrorException: 
Table "USERS" already exists; SQL statement:
CREATE TABLE users ( id BIGINT AUTO_INCREMENT PRIMARY KEY, username VARCHAR(50) NOT NULL UNIQUE, password VARCHAR(100) NOT NULL, enabled BOOLEAN NOT NULL ) [42101-214]

