<?xml version="1.0" encoding="UTF-8"?>
<testsuite xmlns:xsi="http://www.w3.org/2001/XMLSchema-instance" xsi:noNamespaceSchemaLocation="https://maven.apache.org/surefire/maven-surefire-plugin/xsd/surefire-test-report.xsd" version="3.0.2" name="com.example.student_management.StudentRestControllerTest" time="2.07" tests="5" errors="0" skipped="0" failures="5">
  <properties>
[...]
</properties>
  <testcase name="testUpdateStudent" classname="com.example.student_management.StudentRestControllerTest" time="0.494">
    <failure message="&#10;Wanted but not invoked:&#10;studentService.updateStudent(&#10;    1L,&#10;    &lt;any com.example.student_management.Classes.Student&gt;&#10;);&#10;-&gt; at com.example.student_management.StudentRestControllerTest.testUpdateStudent(StudentRestControllerTest.java:95)&#10;Actually, there were zero interactions with this mock.&#10;" type="Wanted but not invoked"><![CDATA[Wanted but not invoked:
studentService.updateStudent(
    1L,
    <any com.example.student_management.Classes.Student>
);
-> at com.example.student_management.StudentRestControllerTest.testUpdateStudent(StudentRestControllerTest.java:95)
Actually, there were zero interactions with this mock.

	at com.example.student_management.StudentRestControllerTest.testUpdateStudent(StudentRestControllerTest.java:95)
	at java.base/java.lang.reflect.Method.invoke(Method.java:568)
	at java.base/java.util.ArrayList.forEach(ArrayList.java:1511)
	at java.base/java.util.ArrayList.forEach(ArrayList.java:1511)
]]></failure>
    <system-out><![CDATA[2025-03-31T14:47:05.821+03:00  INFO 1736 --- [student-management] [           main] t.c.s.AnnotationConfigContextLoaderUtils : Could not detect default configuration classes for test class [com.example.student_management.StudentRestControllerTest]: StudentRestControllerTest does not declare any static, non-private, non-final, nested classes annotated with @Configuration.
2025-03-31T14:47:05.832+03:00  INFO 1736 --- [student-management] [           main] .b.t.c.SpringBootTestContextBootstrapper : Found @SpringBootConfiguration com.example.student_management.StudentManagementApplication for test class com.example.student_management.StudentRestControllerTest

  .   ____          _            __ _ _
 /\\ / ___'_ __ _ _(_)_ __  __ _ \ \ \ \
( ( )\___ | '_ | '_| | '_ \/ _` | \ \ \ \
 \\/  ___)| |_)| | | | | || (_| |  ) ) ) )
  '  |____| .__|_| |_|_| |_\__, | / / / /
 =========|_|==============|___/=/_/_/_/

 :: Spring Boot ::                (v3.4.4)

2025-03-31T14:47:05.926+03:00  INFO 1736 --- [student-management] [           main] c.e.s.StudentRestControllerTest          : Starting StudentRestControllerTest using Java 17.0.12 with PID 1736 (started by classuser72 in C:\Users\classuser72\Desktop\StudentManagementSystemProgramming-main\student-management)
2025-03-31T14:47:05.926+03:00  INFO 1736 --- [student-management] [           main] c.e.s.StudentRestControllerTest          : No active profile set, falling back to 1 default profile: "default"
2025-03-31T14:47:06.954+03:00  INFO 1736 --- [student-management] [           main] o.s.b.t.m.w.SpringBootMockServletContext : Initializing Spring TestDispatcherServlet ''
2025-03-31T14:47:06.954+03:00  INFO 1736 --- [student-management] [           main] o.s.t.web.servlet.TestDispatcherServlet  : Initializing Servlet ''
2025-03-31T14:47:06.956+03:00  INFO 1736 --- [student-management] [           main] o.s.t.web.servlet.TestDispatcherServlet  : Completed initialization in 1 ms
2025-03-31T14:47:06.974+03:00  INFO 1736 --- [student-management] [           main] c.e.s.StudentRestControllerTest          : Started StudentRestControllerTest in 1.133 seconds (process running for 7.099)

MockHttpServletRequest:
      HTTP Method = PUT
      Request URI = /api/students/1
       Parameters = {}
          Headers = [Content-Type:"application/json;charset=UTF-8", Content-Length:"35"]
             Body = {"id":1,"name":"Олег","age":22}
    Session Attrs = {}

Handler:
             Type = com.example.student_management.Controller.StudentRestController
           Method = com.example.student_management.Controller.StudentRestController#updateStudent(Long, Student)

Async:
    Async started = false
     Async result = null

Resolved Exception:
             Type = null

ModelAndView:
        View name = null
             View = null
            Model = null

FlashMap:
       Attributes = null

MockHttpServletResponse:
           Status = 200
    Error message = null
          Headers = [Content-Type:"application/json"]
     Content type = application/json
             Body = {"id":1,"name":"Олег","age":22}
    Forwarded URL = null
   Redirected URL = null
          Cookies = []
]]></system-out>
  </testcase>
  <testcase name="testAddStudent" classname="com.example.student_management.StudentRestControllerTest" time="0.032">
    <failure message="&#10;Wanted but not invoked:&#10;studentService.addStudent(&#10;    &lt;any com.example.student_management.Classes.Student&gt;&#10;);&#10;-&gt; at com.example.student_management.StudentRestControllerTest.testAddStudent(StudentRestControllerTest.java:82)&#10;Actually, there were zero interactions with this mock.&#10;" type="Wanted but not invoked"><![CDATA[Wanted but not invoked:
studentService.addStudent(
    <any com.example.student_management.Classes.Student>
);
-> at com.example.student_management.StudentRestControllerTest.testAddStudent(StudentRestControllerTest.java:82)
Actually, there were zero interactions with this mock.

	at com.example.student_management.StudentRestControllerTest.testAddStudent(StudentRestControllerTest.java:82)
	at java.base/java.lang.reflect.Method.invoke(Method.java:568)
	at java.base/java.util.ArrayList.forEach(ArrayList.java:1511)
	at java.base/java.util.ArrayList.forEach(ArrayList.java:1511)
]]></failure>
    <system-out><![CDATA[
MockHttpServletRequest:
      HTTP Method = POST
      Request URI = /api/students
       Parameters = {}
          Headers = [Content-Type:"application/json;charset=UTF-8", Content-Length:"35"]
             Body = {"id":1,"name":"Олег","age":22}
    Session Attrs = {}

Handler:
             Type = com.example.student_management.Controller.StudentRestController
           Method = com.example.student_management.Controller.StudentRestController#addStudent(Student)

Async:
    Async started = false
     Async result = null

Resolved Exception:
             Type = null

ModelAndView:
        View name = null
             View = null
            Model = null

FlashMap:
       Attributes = null

MockHttpServletResponse:
           Status = 201
    Error message = null
          Headers = [Content-Type:"application/json"]
     Content type = application/json
             Body = {"id":1,"name":"Олег","age":22}
    Forwarded URL = null
   Redirected URL = null
          Cookies = []
]]></system-out>
  </testcase>
  <testcase name="testDeleteStudent" classname="com.example.student_management.StudentRestControllerTest" time="0.029">
    <failure message="Status expected:&lt;204&gt; but was:&lt;200&gt;" type="java.lang.AssertionError"><![CDATA[java.lang.AssertionError: Status expected:<204> but was:<200>
	at org.springframework.test.util.AssertionErrors.fail(AssertionErrors.java:61)
	at org.springframework.test.util.AssertionErrors.assertEquals(AssertionErrors.java:128)
	at org.springframework.test.web.servlet.result.StatusResultMatchers.lambda$matcher$9(StatusResultMatchers.java:640)
	at org.springframework.test.web.servlet.MockMvc$1.andExpect(MockMvc.java:214)
	at com.example.student_management.StudentRestControllerTest.testDeleteStudent(StudentRestControllerTest.java:103)
	at java.base/java.lang.reflect.Method.invoke(Method.java:568)
	at java.base/java.util.ArrayList.forEach(ArrayList.java:1511)
	at java.base/java.util.ArrayList.forEach(ArrayList.java:1511)
]]></failure>
    <system-out><![CDATA[
MockHttpServletRequest:
      HTTP Method = DELETE
      Request URI = /api/students/1
       Parameters = {}
          Headers = []
             Body = null
    Session Attrs = {}

Handler:
             Type = com.example.student_management.Controller.StudentRestController
           Method = com.example.student_management.Controller.StudentRestController#deleteStudent(Long)

Async:
    Async started = false
     Async result = null

Resolved Exception:
             Type = null

ModelAndView:
        View name = null
             View = null
            Model = null

FlashMap:
       Attributes = null

MockHttpServletResponse:
           Status = 200
    Error message = null
          Headers = []
     Content type = null
             Body = 
    Forwarded URL = null
   Redirected URL = null
          Cookies = []
]]></system-out>
  </testcase>
  <testcase name="testGetAllStudents" classname="com.example.student_management.StudentRestControllerTest" time="0.036">
    <failure message="JSON path &quot;$[0].name&quot; expected:&lt;Олег&gt; but was:&lt;Марія&gt;" type="java.lang.AssertionError"><![CDATA[java.lang.AssertionError: JSON path "$[0].name" expected:<Олег> but was:<Марія>
	at org.springframework.test.util.AssertionErrors.fail(AssertionErrors.java:61)
	at org.springframework.test.util.AssertionErrors.assertEquals(AssertionErrors.java:128)
	at org.springframework.test.util.JsonPathExpectationsHelper.assertValue(JsonPathExpectationsHelper.java:172)
	at org.springframework.test.web.servlet.result.JsonPathResultMatchers.lambda$value$2(JsonPathResultMatchers.java:112)
	at org.springframework.test.web.servlet.MockMvc$1.andExpect(MockMvc.java:214)
	at com.example.student_management.StudentRestControllerTest.testGetAllStudents(StudentRestControllerTest.java:55)
	at java.base/java.lang.reflect.Method.invoke(Method.java:568)
	at java.base/java.util.ArrayList.forEach(ArrayList.java:1511)
	at java.base/java.util.ArrayList.forEach(ArrayList.java:1511)
]]></failure>
    <system-out><![CDATA[
MockHttpServletRequest:
      HTTP Method = GET
      Request URI = /api/students
       Parameters = {}
          Headers = []
             Body = null
    Session Attrs = {}

Handler:
             Type = com.example.student_management.Controller.StudentRestController
           Method = com.example.student_management.Controller.StudentRestController#getAllStudents()

Async:
    Async started = false
     Async result = null

Resolved Exception:
             Type = null

ModelAndView:
        View name = null
             View = null
            Model = null

FlashMap:
       Attributes = null

MockHttpServletResponse:
           Status = 200
    Error message = null
          Headers = [Content-Type:"application/json"]
     Content type = application/json
             Body = [{"id":2,"name":"Марія","age":22},{"id":3,"name":"Петро","age":19}]
    Forwarded URL = null
   Redirected URL = null
          Cookies = []
]]></system-out>
  </testcase>
  <testcase name="testGetStudentById" classname="com.example.student_management.StudentRestControllerTest" time="0.034">
    <failure message="No value at JSON path &quot;$.name&quot;" type="java.lang.AssertionError"><![CDATA[java.lang.AssertionError: No value at JSON path "$.name"
	at org.springframework.test.util.JsonPathExpectationsHelper.evaluateJsonPath(JsonPathExpectationsHelper.java:351)
	at org.springframework.test.util.JsonPathExpectationsHelper.assertValue(JsonPathExpectationsHelper.java:148)
	at org.springframework.test.web.servlet.result.JsonPathResultMatchers.lambda$value$2(JsonPathResultMatchers.java:112)
	at org.springframework.test.web.servlet.MockMvc$1.andExpect(MockMvc.java:214)
	at com.example.student_management.StudentRestControllerTest.testGetStudentById(StudentRestControllerTest.java:67)
	at java.base/java.lang.reflect.Method.invoke(Method.java:568)
	at java.base/java.util.ArrayList.forEach(ArrayList.java:1511)
	at java.base/java.util.ArrayList.forEach(ArrayList.java:1511)
Caused by: java.lang.IllegalArgumentException: root can not be null
	at com.jayway.jsonpath.internal.Utils.notNull(Utils.java:315)
	at com.jayway.jsonpath.internal.path.EvaluationContextImpl.<init>(EvaluationContextImpl.java:61)
	at com.jayway.jsonpath.internal.path.CompiledPath.evaluate(CompiledPath.java:96)
	at com.jayway.jsonpath.internal.path.CompiledPath.evaluate(CompiledPath.java:107)
	at com.jayway.jsonpath.JsonPath.read(JsonPath.java:191)
	at com.jayway.jsonpath.JsonPath.read(JsonPath.java:393)
	at org.springframework.test.util.JsonPathExpectationsHelper.evaluateJsonPath(JsonPathExpectationsHelper.java:348)
	... 7 more
]]></failure>
    <system-out><![CDATA[
MockHttpServletRequest:
      HTTP Method = GET
      Request URI = /api/students/1
       Parameters = {}
          Headers = []
             Body = null
    Session Attrs = {}

Handler:
             Type = com.example.student_management.Controller.StudentRestController
           Method = com.example.student_management.Controller.StudentRestController#getStudentById(Long)

Async:
    Async started = false
     Async result = null

Resolved Exception:
             Type = null

ModelAndView:
        View name = null
             View = null
            Model = null

FlashMap:
       Attributes = null

MockHttpServletResponse:
           Status = 200
    Error message = null
          Headers = [Content-Type:"application/json"]
     Content type = application/json
             Body = null
    Forwarded URL = null
   Redirected URL = null
          Cookies = []
]]></system-out>
  </testcase>
</testsuite>