<?xml version="1.0" encoding="UTF-8"?>
<testsuite xmlns:xsi="http://www.w3.org/2001/XMLSchema-instance" xsi:noNamespaceSchemaLocation="https://maven.apache.org/surefire/maven-surefire-plugin/xsd/surefire-test-report.xsd" version="3.0.2" name="com.example.student_management.StudentServiceTest" time="0.177" tests="3" errors="0" skipped="0" failures="0">
  <properties>
[...]
</properties>
  <testcase name="testAddStudent" classname="com.example.student_management.StudentServiceTest" time="0.147"/>
  <testcase name="testGetAllStudents" classname="com.example.student_management.StudentServiceTest" time="0.011"/>
  <testcase name="testGetStudentById" classname="com.example.student_management.StudentServiceTest" time="0.009"/>
</testsuite>