-------------------------------------------------------------------------------
Test set: com.example.student_management.StudentRestControllerTest
-------------------------------------------------------------------------------
Tests run: 5, Failures: 0, Errors: 5, Skipped: 0, Time elapsed: 1.814 s <<< FAILURE! - in com.example.student_management.StudentRestControllerTest
testUpdateStudent  Time elapsed: 0 s  <<< ERROR!
java.lang.IllegalStateException: Failed to load ApplicationContext
Caused by: org.springframework.beans.factory.UnsatisfiedDependencyException: Error creating bean with name 'securityConfig' defined in file [C:\Users\Admin\OneDrive\Desktop\StudentManagementSystemProgramming-main\StudentManagementSystemProgramming-main\student-management\target\classes\com\example\student_management\Config\SecurityConfig.class]: Unsatisfied dependency expressed through constructor parameter 0; nested exception is org.springframework.beans.factory.NoSuchBeanDefinitionException: No qualifying bean of type 'com.example.student_management.Listener.LogoutListener' available: expected at least 1 bean which qualifies as autowire candidate. Dependency annotations: {}
Caused by: org.springframework.beans.factory.NoSuchBeanDefinitionException: No qualifying bean of type 'com.example.student_management.Listener.LogoutListener' available: expected at least 1 bean which qualifies as autowire candidate. Dependency annotations: {}

testAddStudent  Time elapsed: 0 s  <<< ERROR!
java.lang.IllegalStateException: Failed to load ApplicationContext
Caused by: org.springframework.beans.factory.UnsatisfiedDependencyException: Error creating bean with name 'securityConfig' defined in file [C:\Users\Admin\OneDrive\Desktop\StudentManagementSystemProgramming-main\StudentManagementSystemProgramming-main\student-management\target\classes\com\example\student_management\Config\SecurityConfig.class]: Unsatisfied dependency expressed through constructor parameter 0; nested exception is org.springframework.beans.factory.NoSuchBeanDefinitionException: No qualifying bean of type 'com.example.student_management.Listener.LogoutListener' available: expected at least 1 bean which qualifies as autowire candidate. Dependency annotations: {}
Caused by: org.springframework.beans.factory.NoSuchBeanDefinitionException: No qualifying bean of type 'com.example.student_management.Listener.LogoutListener' available: expected at least 1 bean which qualifies as autowire candidate. Dependency annotations: {}

testDeleteStudent  Time elapsed: 0 s  <<< ERROR!
java.lang.IllegalStateException: Failed to load ApplicationContext
Caused by: org.springframework.beans.factory.UnsatisfiedDependencyException: Error creating bean with name 'securityConfig' defined in file [C:\Users\Admin\OneDrive\Desktop\StudentManagementSystemProgramming-main\StudentManagementSystemProgramming-main\student-management\target\classes\com\example\student_management\Config\SecurityConfig.class]: Unsatisfied dependency expressed through constructor parameter 0; nested exception is org.springframework.beans.factory.NoSuchBeanDefinitionException: No qualifying bean of type 'com.example.student_management.Listener.LogoutListener' available: expected at least 1 bean which qualifies as autowire candidate. Dependency annotations: {}
Caused by: org.springframework.beans.factory.NoSuchBeanDefinitionException: No qualifying bean of type 'com.example.student_management.Listener.LogoutListener' available: expected at least 1 bean which qualifies as autowire candidate. Dependency annotations: {}

testGetAllStudents  Time elapsed: 0 s  <<< ERROR!
java.lang.IllegalStateException: Failed to load ApplicationContext
Caused by: org.springframework.beans.factory.UnsatisfiedDependencyException: Error creating bean with name 'securityConfig' defined in file [C:\Users\Admin\OneDrive\Desktop\StudentManagementSystemProgramming-main\StudentManagementSystemProgramming-main\student-management\target\classes\com\example\student_management\Config\SecurityConfig.class]: Unsatisfied dependency expressed through constructor parameter 0; nested exception is org.springframework.beans.factory.NoSuchBeanDefinitionException: No qualifying bean of type 'com.example.student_management.Listener.LogoutListener' available: expected at least 1 bean which qualifies as autowire candidate. Dependency annotations: {}
Caused by: org.springframework.beans.factory.NoSuchBeanDefinitionException: No qualifying bean of type 'com.example.student_management.Listener.LogoutListener' available: expected at least 1 bean which qualifies as autowire candidate. Dependency annotations: {}

testGetStudentById  Time elapsed: 0 s  <<< ERROR!
java.lang.IllegalStateException: Failed to load ApplicationContext
Caused by: org.springframework.beans.factory.UnsatisfiedDependencyException: Error creating bean with name 'securityConfig' defined in file [C:\Users\Admin\OneDrive\Desktop\StudentManagementSystemProgramming-main\StudentManagementSystemProgramming-main\student-management\target\classes\com\example\student_management\Config\SecurityConfig.class]: Unsatisfied dependency expressed through constructor parameter 0; nested exception is org.springframework.beans.factory.NoSuchBeanDefinitionException: No qualifying bean of type 'com.example.student_management.Listener.LogoutListener' available: expected at least 1 bean which qualifies as autowire candidate. Dependency annotations: {}
Caused by: org.springframework.beans.factory.NoSuchBeanDefinitionException: No qualifying bean of type 'com.example.student_management.Listener.LogoutListener' available: expected at least 1 bean which qualifies as autowire candidate. Dependency annotations: {}

