-------------------------------------------------------------------------------
Test set: com.example.student_management.StudentManagementApplicationTests
-------------------------------------------------------------------------------
Tests run: 1, Failures: 0, Errors: 1, Skipped: 0, Time elapsed: 2.879 s <<< FAILURE! - in com.example.student_management.StudentManagementApplicationTests
contextLoads  Time elapsed: 0.007 s  <<< ERROR!
java.lang.IllegalStateException: Failed to load ApplicationContext
Caused by: org.springframework.beans.factory.UnsatisfiedDependencyException: Error creating bean with name 'securityConfig' defined in file [C:\Users\Admin\OneDrive\Desktop\StudentManagementSystemProgramming-main\StudentManagementSystemProgramming-main\student-management\target\classes\com\example\student_management\Config\SecurityConfig.class]: Unsatisfied dependency expressed through constructor parameter 0; nested exception is org.springframework.beans.factory.NoSuchBeanDefinitionException: No qualifying bean of type 'com.example.student_management.Listener.LogoutListener' available: expected at least 1 bean which qualifies as autowire candidate. Dependency annotations: {}
Caused by: org.springframework.beans.factory.NoSuchBeanDefinitionException: No qualifying bean of type 'com.example.student_management.Listener.LogoutListener' available: expected at least 1 bean which qualifies as autowire candidate. Dependency annotations: {}

